<?xml version="1.0" encoding="UTF-8"?>
<!-- Generated by org.testng.reporters.JUnitReportReporter -->
<testsuite skipped="0" hostname="Mohammads-MBP.home" name="org.code.challenge.SmokeTest" tests="1" failures="0" timestamp="28 Apr 2018 03:40:23 GMT" time="0.098" errors="0">
  <testcase name="codeChallenge" time="0.098" classname="org.code.challenge.SmokeTest"/>
</testsuite> <!-- org.code.challenge.SmokeTest -->
